(15/50/2020) WARNING -> Unable to locate file for explode (/Users/reubenwilson/Projects/intro-to-programming/splashkit/pascal/Resources/images/red_explosion.png) [/Users/acain/Documents/Code/splashkit/coresdk/src/coresdk/images.cpp:98]
(15/50/2020) WARNING -> Trying to set cell details of invalid bitmap. [/Users/acain/Documents/Code/splashkit/coresdk/src/coresdk/images.cpp:434]
(15/50/2020) WARNING -> Unable to locate animation file for RedExplosion (/Users/reubenwilson/Projects/intro-to-programming/splashkit/pascal/Resources/animations/RedExplosion.txt) [/Users/acain/Documents/Code/splashkit/coresdk/src/coresdk/animations.cpp:62]
(15/50/2020) WARNING -> Attempting to get width of invalid bitmap [/Users/acain/Documents/Code/splashkit/coresdk/src/coresdk/images.cpp:449]
(15/50/2020) WARNING -> Attempting to get height of invalid bitmap [/Users/acain/Documents/Code/splashkit/coresdk/src/coresdk/images.cpp:465]
(15/50/2020) WARNING -> Attempting to get width of invalid bitmap [/Users/acain/Documents/Code/splashkit/coresdk/src/coresdk/images.cpp:449]
(15/50/2020) WARNING -> Attempting to get height of invalid bitmap [/Users/acain/Documents/Code/splashkit/coresdk/src/coresdk/images.cpp:465]
(15/50/2020) WARNING -> Attempting to get width of invalid bitmap [/Users/acain/Documents/Code/splashkit/coresdk/src/coresdk/images.cpp:449]
(15/50/2020) WARNING -> Attempting to get height of invalid bitmap [/Users/acain/Documents/Code/splashkit/coresdk/src/coresdk/images.cpp:465]
(15/50/2020) WARNING -> Attempting to get width of invalid bitmap [/Users/acain/Documents/Code/splashkit/coresdk/src/coresdk/images.cpp:449]
(15/50/2020) WARNING -> Attempting to get height of invalid bitmap [/Users/acain/Documents/Code/splashkit/coresdk/src/coresdk/images.cpp:465]
(15/50/2020) WARNING -> Attempting to get width of invalid bitmap [/Users/acain/Documents/Code/splashkit/coresdk/src/coresdk/images.cpp:449]
(15/50/2020) WARNING -> Attempting to get height of invalid bitmap [/Users/acain/Documents/Code/splashkit/coresdk/src/coresdk/images.cpp:465]
(15/50/2020) WARNING -> Attempting to read details of invalid bitmap [/Users/acain/Documents/Code/splashkit/coresdk/src/coresdk/images.cpp:486]
(15/50/2020) WARNING -> Attempting to read details of invalid bitmap [/Users/acain/Documents/Code/splashkit/coresdk/src/coresdk/images.cpp:497]
(15/50/2020) WARNING -> Attempting to use invalid animation script [/Users/acain/Documents/Code/splashkit/coresdk/src/coresdk/sprites.cpp:707]
(15/50/2020) WARNING -> Attempting to read details of invalid bitmap [/Users/acain/Documents/Code/splashkit/coresdk/src/coresdk/images.cpp:486]
(15/50/2020) WARNING -> Attempting to read details of invalid bitmap [/Users/acain/Documents/Code/splashkit/coresdk/src/coresdk/images.cpp:497]
(15/50/2020) WARNING -> Attempting to use invalid animation script [/Users/acain/Documents/Code/splashkit/coresdk/src/coresdk/sprites.cpp:707]
(15/50/2020) WARNING -> Attempting to read details of invalid bitmap [/Users/acain/Documents/Code/splashkit/coresdk/src/coresdk/images.cpp:486]
(15/50/2020) WARNING -> Attempting to read details of invalid bitmap [/Users/acain/Documents/Code/splashkit/coresdk/src/coresdk/images.cpp:497]
(15/50/2020) WARNING -> Attempting to use invalid animation script [/Users/acain/Documents/Code/splashkit/coresdk/src/coresdk/sprites.cpp:707]
(15/50/2020) WARNING -> Attempting to read details of invalid bitmap [/Users/acain/Documents/Code/splashkit/coresdk/src/coresdk/images.cpp:486]
(15/50/2020) WARNING -> Attempting to read details of invalid bitmap [/Users/acain/Documents/Code/splashkit/coresdk/src/coresdk/images.cpp:497]
(15/50/2020) WARNING -> Attempting to use invalid animation script [/Users/acain/Documents/Code/splashkit/coresdk/src/coresdk/sprites.cpp:707]
(15/15/2020) WARNING -> Unable to locate file for joke font (/Users/reubenwilson/Projects/intro-to-programming/splashkit/pascal/Resources/fonts/Action Man.ttf.ttf) [/Users/acain/Documents/Code/splashkit/coresdk/src/coresdk/text.cpp:183]
(15/16/2020) WARNING -> Attempting to check if invalid window closed [/Users/acain/Documents/Code/splashkit/coresdk/src/coresdk/window_manager.cpp:257]
(15/17/2020) WARNING -> Attempting to check if invalid window closed [/Users/acain/Documents/Code/splashkit/coresdk/src/coresdk/window_manager.cpp:257]
(15/20/2020) WARNING -> Unable to locate file for eqn font (/Users/reubenwilson/Projects/intro-to-programming/splashkit/pascal/Resources/fonts/DKCrayonCrumble.ttf.ttf) [/Users/acain/Documents/Code/splashkit/coresdk/src/coresdk/text.cpp:183]
(15/47/2020) WARNING -> Unable to locate file for explode (/Users/reubenwilson/Projects/intro-to-programming/splashkit/pascal/Resources/images/red_explosion.png) [/Users/acain/Documents/Code/splashkit/coresdk/src/coresdk/images.cpp:98]
(15/47/2020) WARNING -> Trying to set cell details of invalid bitmap. [/Users/acain/Documents/Code/splashkit/coresdk/src/coresdk/images.cpp:434]
(15/47/2020) WARNING -> Unable to locate animation file for RedExplosion (/Users/reubenwilson/Projects/intro-to-programming/splashkit/pascal/Resources/animations/RedExplosion.txt) [/Users/acain/Documents/Code/splashkit/coresdk/src/coresdk/animations.cpp:62]
(15/47/2020) WARNING -> Attempting to get width of invalid bitmap [/Users/acain/Documents/Code/splashkit/coresdk/src/coresdk/images.cpp:449]
(15/47/2020) WARNING -> Attempting to get height of invalid bitmap [/Users/acain/Documents/Code/splashkit/coresdk/src/coresdk/images.cpp:465]
(15/47/2020) WARNING -> Attempting to get width of invalid bitmap [/Users/acain/Documents/Code/splashkit/coresdk/src/coresdk/images.cpp:449]
(15/47/2020) WARNING -> Attempting to get height of invalid bitmap [/Users/acain/Documents/Code/splashkit/coresdk/src/coresdk/images.cpp:465]
(15/47/2020) WARNING -> Attempting to get width of invalid bitmap [/Users/acain/Documents/Code/splashkit/coresdk/src/coresdk/images.cpp:449]
(15/47/2020) WARNING -> Attempting to get height of invalid bitmap [/Users/acain/Documents/Code/splashkit/coresdk/src/coresdk/images.cpp:465]
(15/47/2020) WARNING -> Attempting to get width of invalid bitmap [/Users/acain/Documents/Code/splashkit/coresdk/src/coresdk/images.cpp:449]
(15/47/2020) WARNING -> Attempting to get height of invalid bitmap [/Users/acain/Documents/Code/splashkit/coresdk/src/coresdk/images.cpp:465]
(15/47/2020) WARNING -> Attempting to get width of invalid bitmap [/Users/acain/Documents/Code/splashkit/coresdk/src/coresdk/images.cpp:449]
(15/47/2020) WARNING -> Attempting to get height of invalid bitmap [/Users/acain/Documents/Code/splashkit/coresdk/src/coresdk/images.cpp:465]
